2024-11-29 16:08:43.232 [main] INFO  com.rs.mv.mvvs.Startup - [LSP:100101]ROCKET MV BASIC EXTENSION to start
2024-11-29 16:08:43.246 [main] INFO  com.rs.mv.mvvs.lsp.server.BasicLanguageServerLauncher - [LSP:100102]start pip server
2024-11-29 16:08:43.313 [main] INFO  com.rs.mv.mvvs.lsp.server.BasicLanguageServerLauncher - [LSP:100103]ROCKET MV BASIC EXTENSION start successful
2024-11-29 16:08:43.358 [pool-3-thread-1] INFO  com.rs.mv.mvvs.instance.workspace.WorkspaceManager - [workspace:200101]load all workspace folders start
2024-11-29 16:08:43.358 [pool-3-thread-1] INFO  com.rs.mv.mvvs.instance.workspace.WorkspaceManager - [workspace:20010201]root uri: file:///c%3A/Users/ajab0/Documents/PlatformIO/Projects/ble-scanner-with-requests
2024-11-29 16:08:43.367 [pool-3-thread-1] INFO  com.rs.mv.mvvs.instance.workspace.handler.FolderHandler - [workspace:200103]workspace contains workspace folder: file:///c%3A/Users/ajab0/Documents/PlatformIO/Projects/ble-scanner-with-requests
2024-11-29 16:08:43.379 [pool-3-thread-1] INFO  com.rs.mv.mvvs.instance.workspace.handler.FolderHandler - [workspace:200104]workspace folder will be cached: file:///c%3A/Users/ajab0/Documents/PlatformIO/Projects/ble-scanner-with-requests
2024-11-29 16:08:43.380 [pool-3-thread-1] INFO  com.rs.mv.mvvs.rmv.config.Config - [framework:30010101]config load start
2024-11-29 16:08:43.381 [pool-3-thread-1] INFO  com.rs.mv.mvvs.rmv.config.Config - [framework:30010102]project config path is : C:/Users/ajab0/Documents/PlatformIO/Projects/ble-scanner-with-requests/.rmv/config
2024-11-29 16:08:43.381 [pool-3-thread-1] INFO  com.rs.mv.mvvs.rmv.config.Config - [framework:30010103]resource config path is : /
2024-11-29 16:08:43.381 [pool-3-thread-1] INFO  com.rs.mv.mvvs.rmv.config.Config - [framework:30010104]user config path is : C:/Users/ajab0
2024-11-29 16:08:43.390 [pool-3-thread-1] INFO  com.rs.mv.mvvs.rmv.config.Config - [framework:30010105]config load end
2024-11-29 16:08:43.392 [pool-3-thread-1] INFO  com.rs.mv.mvvs.rmv.documentation.BasicDocumentation - [framework:30020101]documentation load start
2024-11-29 16:08:43.393 [pool-3-thread-1] INFO  com.rs.mv.mvvs.rmv.documentation.reader.SystemDocReader - [framework:30020102]system documentation path: /documentation/UNIVERSE/
2024-11-29 16:08:43.395 [pool-3-thread-1] INFO  com.rs.mv.mvvs.rmv.documentation.reader.ProjectDocReader - [framework:30020103]project documentation brief file: C:\Users\ajab0\Documents\PlatformIO\Projects\ble-scanner-with-requests\.rmv\documentation\UNIVERSE\custom.json
2024-11-29 16:08:43.395 [pool-3-thread-1] INFO  com.rs.mv.mvvs.rmv.documentation.reader.UserDocReader - [framework:30020104]user documentation brief file: C:\Users\ajab0\documentation\UNIVERSE\custom.json
2024-11-29 16:08:43.447 [pool-3-thread-1] INFO  com.rs.mv.mvvs.rmv.documentation.BasicDocumentation - [framework:30020105]documentation load end
2024-11-29 16:08:43.452 [pool-3-thread-1] INFO  com.rs.mv.mvvs.common.convertor.ConvertorManager - [framework:30030101]convertors for folder(C:/Users/ajab0/Documents/PlatformIO/Projects/ble-scanner-with-requests) load start
2024-11-29 16:08:43.460 [pool-3-thread-1] INFO  com.rs.mv.mvvs.common.convertor.ConvertorManager - [framework:30030102]comment convertor load finish
2024-11-29 16:08:43.542 [pool-3-thread-1] INFO  com.rs.mv.mvvs.common.convertor.ConvertorManager - [framework:30030103]keyword convertor load finish
2024-11-29 16:08:43.544 [pool-3-thread-1] INFO  com.rs.mv.mvvs.common.convertor.ConvertorManager - [framework:30030104]operator convertor load finish
2024-11-29 16:08:43.545 [pool-3-thread-1] INFO  com.rs.mv.mvvs.common.convertor.ConvertorManager - [framework:30030105]function name convertor load finish
2024-11-29 16:08:43.545 [pool-3-thread-1] INFO  com.rs.mv.mvvs.common.convertor.ConvertorManager - [framework:30030106]atVariable convertor load finish
2024-11-29 16:08:43.545 [pool-3-thread-1] INFO  com.rs.mv.mvvs.common.convertor.ConvertorManager - [framework:30030107]convertors for folder(C:/Users/ajab0/Documents/PlatformIO/Projects/ble-scanner-with-requests) load end
2024-11-29 16:08:43.546 [pool-3-thread-1] INFO  com.rs.mv.mvvs.rmv.config.CapabilityConfig - [framework:30010301]capabilities file(C:/Users/ajab0/Documents/PlatformIO/Projects/ble-scanner-with-requests/config/capability) doesn't exist or read error, default config will take effect
2024-11-29 16:08:43.546 [pool-3-thread-1] INFO  com.rs.mv.mvvs.instance.workspace.WorkspaceManager - [workspace:200105]load all workspace folders successful
2024-11-29 16:08:43.547 [pool-3-thread-1] INFO  com.rs.mv.mvvs.client.account.AccountManager - [client:40010101]load account manager start
2024-11-29 16:08:43.554 [pool-3-thread-1] INFO  com.rs.mv.mvvs.client.account.handler.CacheAccountHandler - [client:40010102]load cache account: 
2024-11-29 16:08:43.556 [pool-3-thread-1] INFO  com.rs.mv.mvvs.client.account.handler.ExternalAccountHandler - [client:40010103]load external account: 
2024-11-29 16:08:43.578 [pool-3-thread-1] INFO  com.rs.mv.mvvs.client.catalog.manager.U2CatalogManager - [client:400203]cache file auto update thread launch in ble-scanner-with-requests account
2024-11-29 16:08:43.586 [pool-3-thread-1] INFO  com.rs.mv.mvvs.client.catalog.from.config.DirsConfigReader - [client:400206]parse dir config information
2024-11-29 16:08:43.589 [pool-3-thread-1] INFO  com.rs.mv.mvvs.client.catalog.from.config.MappingConfigReader - [client:400207]parse mapping config information
2024-11-29 16:08:43.591 [pool-3-thread-1] INFO  com.rs.mv.mvvs.client.catalog.manager.U2CatalogManager - [client:400202]start a schedule task to get global/local catalog for ble-scanner-with-requests, its period 5s 
2024-11-29 16:08:43.591 [pool-3-thread-1] INFO  com.rs.mv.mvvs.client.catalog.manager.U2CatalogManager - [client:400203]cache file auto update thread launch in .pio account
2024-11-29 16:08:43.591 [pool-3-thread-1] INFO  com.rs.mv.mvvs.client.catalog.from.config.DirsConfigReader - [client:400206]parse dir config information
2024-11-29 16:08:43.592 [pool-3-thread-1] INFO  com.rs.mv.mvvs.client.catalog.from.config.MappingConfigReader - [client:400207]parse mapping config information
2024-11-29 16:08:43.592 [pool-3-thread-1] INFO  com.rs.mv.mvvs.client.catalog.manager.U2CatalogManager - [client:400202]start a schedule task to get global/local catalog for .pio, its period 5s 
2024-11-29 16:08:43.592 [pool-3-thread-1] INFO  com.rs.mv.mvvs.client.catalog.manager.U2CatalogManager - [client:400203]cache file auto update thread launch in build account
2024-11-29 16:08:43.593 [pool-3-thread-1] INFO  com.rs.mv.mvvs.client.catalog.from.config.DirsConfigReader - [client:400206]parse dir config information
2024-11-29 16:08:43.593 [pool-3-thread-1] INFO  com.rs.mv.mvvs.client.catalog.from.config.MappingConfigReader - [client:400207]parse mapping config information
2024-11-29 16:08:43.593 [pool-3-thread-1] INFO  com.rs.mv.mvvs.client.catalog.manager.U2CatalogManager - [client:400202]start a schedule task to get global/local catalog for build, its period 5s 
2024-11-29 16:08:43.599 [pool-3-thread-1] INFO  com.rs.mv.mvvs.client.account.handler.ServerAccountHandler - [client:40010104]load server account: Account{name=ble-scanner-with-requests, path=C:/Users/ajab0/Documents/PlatformIO/Projects/ble-scanner-with-requests, type=PREDICT}
Account{name=build, path=C:/Users/ajab0/Documents/PlatformIO/Projects/ble-scanner-with-requests/.pio/build, type=PREDICT}
Account{name=.pio, path=C:/Users/ajab0/Documents/PlatformIO/Projects/ble-scanner-with-requests/.pio, type=PREDICT}
2024-11-29 16:08:43.599 [pool-3-thread-1] INFO  com.rs.mv.mvvs.client.account.AccountManager - [client:40010105]load account manager finish
2024-11-29 16:08:43.600 [pool-3-thread-1] INFO  com.rs.mv.mvvs.instance.userspace.UserspaceManager - [framework:30010402]config file(C:\Users\ajab0/.rmv/config) watcher launch successful
2024-11-29 16:09:14.446 [pool-3-thread-1] INFO  com.rs.mv.mvvs.client.catalog.from.scan.CurrentPathScanner - [client:400205]scan file in current open file directory(C:/Users/ajab0/Documents/PlatformIO/Projects/ble-scanner-with-requests/src)
2024-11-29 16:13:36.633 [pool-3-thread-1] INFO  com.rs.mv.mvvs.client.catalog.from.scan.CurrentPathScanner - [client:400205]scan file in current open file directory(C:/Users/ajab0/Documents/PlatformIO/Projects/ble-scanner-with-requests/src)
2024-11-29 16:24:06.049 [pool-3-thread-1] INFO  com.rs.mv.mvvs.client.catalog.from.scan.CurrentPathScanner - [client:400205]scan file in current open file directory(C:/Users/ajab0/Documents/PlatformIO/Projects/ble-scanner-with-requests/src)
2024-11-29 16:47:10.256 [pool-3-thread-1] INFO  com.rs.mv.mvvs.client.catalog.from.scan.CurrentPathScanner - [client:400205]scan file in current open file directory(C:/Users/ajab0/Documents/PlatformIO/Projects/ble-scanner-with-requests/src)
2024-11-29 16:53:16.185 [pool-3-thread-1] INFO  com.rs.mv.mvvs.client.catalog.from.scan.CurrentPathScanner - [client:400205]scan file in current open file directory(C:/Users/ajab0/Documents/PlatformIO/Projects/ble-scanner-with-requests/src)
2024-11-29 21:34:41.979 [main] INFO  com.rs.mv.mvvs.Startup - [LSP:100101]ROCKET MV BASIC EXTENSION to start
2024-11-29 21:34:42.013 [main] INFO  com.rs.mv.mvvs.lsp.server.BasicLanguageServerLauncher - [LSP:100102]start pip server
2024-11-29 21:34:42.119 [main] INFO  com.rs.mv.mvvs.lsp.server.BasicLanguageServerLauncher - [LSP:100103]ROCKET MV BASIC EXTENSION start successful
2024-11-29 21:34:42.180 [pool-3-thread-1] INFO  com.rs.mv.mvvs.instance.workspace.WorkspaceManager - [workspace:200101]load all workspace folders start
2024-11-29 21:34:42.180 [pool-3-thread-1] INFO  com.rs.mv.mvvs.instance.workspace.WorkspaceManager - [workspace:20010201]root uri: file:///c%3A/Users/ajab0/Documents/PlatformIO/Projects/ble-scanner-with-requests
2024-11-29 21:34:42.181 [pool-3-thread-1] INFO  com.rs.mv.mvvs.instance.workspace.handler.FolderHandler - [workspace:200103]workspace contains workspace folder: file:///c%3A/Users/ajab0/Documents/PlatformIO/Projects/ble-scanner-with-requests
2024-11-29 21:34:42.197 [pool-3-thread-1] INFO  com.rs.mv.mvvs.instance.workspace.handler.FolderHandler - [workspace:200104]workspace folder will be cached: file:///c%3A/Users/ajab0/Documents/PlatformIO/Projects/ble-scanner-with-requests
2024-11-29 21:34:42.199 [pool-3-thread-1] INFO  com.rs.mv.mvvs.rmv.config.Config - [framework:30010101]config load start
2024-11-29 21:34:42.200 [pool-3-thread-1] INFO  com.rs.mv.mvvs.rmv.config.Config - [framework:30010102]project config path is : C:/Users/ajab0/Documents/PlatformIO/Projects/ble-scanner-with-requests/.rmv/config
2024-11-29 21:34:42.200 [pool-3-thread-1] INFO  com.rs.mv.mvvs.rmv.config.Config - [framework:30010103]resource config path is : /
2024-11-29 21:34:42.200 [pool-3-thread-1] INFO  com.rs.mv.mvvs.rmv.config.Config - [framework:30010104]user config path is : C:/Users/ajab0
2024-11-29 21:34:42.213 [pool-3-thread-1] INFO  com.rs.mv.mvvs.rmv.config.Config - [framework:30010105]config load end
2024-11-29 21:34:42.215 [pool-3-thread-1] INFO  com.rs.mv.mvvs.rmv.documentation.BasicDocumentation - [framework:30020101]documentation load start
2024-11-29 21:34:42.217 [pool-3-thread-1] INFO  com.rs.mv.mvvs.rmv.documentation.reader.SystemDocReader - [framework:30020102]system documentation path: /documentation/UNIVERSE/
2024-11-29 21:34:42.219 [pool-3-thread-1] INFO  com.rs.mv.mvvs.rmv.documentation.reader.ProjectDocReader - [framework:30020103]project documentation brief file: C:\Users\ajab0\Documents\PlatformIO\Projects\ble-scanner-with-requests\.rmv\documentation\UNIVERSE\custom.json
2024-11-29 21:34:42.221 [pool-3-thread-1] INFO  com.rs.mv.mvvs.rmv.documentation.reader.UserDocReader - [framework:30020104]user documentation brief file: C:\Users\ajab0\documentation\UNIVERSE\custom.json
2024-11-29 21:34:42.325 [pool-3-thread-1] INFO  com.rs.mv.mvvs.rmv.documentation.BasicDocumentation - [framework:30020105]documentation load end
2024-11-29 21:34:42.331 [pool-3-thread-1] INFO  com.rs.mv.mvvs.common.convertor.ConvertorManager - [framework:30030101]convertors for folder(C:/Users/ajab0/Documents/PlatformIO/Projects/ble-scanner-with-requests) load start
2024-11-29 21:34:42.337 [pool-3-thread-1] INFO  com.rs.mv.mvvs.common.convertor.ConvertorManager - [framework:30030102]comment convertor load finish
2024-11-29 21:34:42.454 [pool-3-thread-1] INFO  com.rs.mv.mvvs.common.convertor.ConvertorManager - [framework:30030103]keyword convertor load finish
2024-11-29 21:34:42.458 [pool-3-thread-1] INFO  com.rs.mv.mvvs.common.convertor.ConvertorManager - [framework:30030104]operator convertor load finish
2024-11-29 21:34:42.459 [pool-3-thread-1] INFO  com.rs.mv.mvvs.common.convertor.ConvertorManager - [framework:30030105]function name convertor load finish
2024-11-29 21:34:42.460 [pool-3-thread-1] INFO  com.rs.mv.mvvs.common.convertor.ConvertorManager - [framework:30030106]atVariable convertor load finish
2024-11-29 21:34:42.460 [pool-3-thread-1] INFO  com.rs.mv.mvvs.common.convertor.ConvertorManager - [framework:30030107]convertors for folder(C:/Users/ajab0/Documents/PlatformIO/Projects/ble-scanner-with-requests) load end
2024-11-29 21:34:42.461 [pool-3-thread-1] INFO  com.rs.mv.mvvs.rmv.config.CapabilityConfig - [framework:30010301]capabilities file(C:/Users/ajab0/Documents/PlatformIO/Projects/ble-scanner-with-requests/config/capability) doesn't exist or read error, default config will take effect
2024-11-29 21:34:42.462 [pool-3-thread-1] INFO  com.rs.mv.mvvs.instance.workspace.WorkspaceManager - [workspace:200105]load all workspace folders successful
2024-11-29 21:34:42.464 [pool-3-thread-1] INFO  com.rs.mv.mvvs.client.account.AccountManager - [client:40010101]load account manager start
2024-11-29 21:34:42.477 [pool-3-thread-1] INFO  com.rs.mv.mvvs.client.account.handler.CacheAccountHandler - [client:40010102]load cache account: 
2024-11-29 21:34:42.481 [pool-3-thread-1] INFO  com.rs.mv.mvvs.client.account.handler.ExternalAccountHandler - [client:40010103]load external account: 
2024-11-29 21:34:42.542 [pool-3-thread-1] INFO  com.rs.mv.mvvs.client.catalog.manager.U2CatalogManager - [client:400203]cache file auto update thread launch in ble-scanner-with-requests account
2024-11-29 21:34:42.546 [pool-3-thread-1] INFO  com.rs.mv.mvvs.client.catalog.from.config.DirsConfigReader - [client:400206]parse dir config information
2024-11-29 21:34:42.547 [pool-3-thread-1] INFO  com.rs.mv.mvvs.client.catalog.from.config.MappingConfigReader - [client:400207]parse mapping config information
2024-11-29 21:34:42.549 [pool-3-thread-1] INFO  com.rs.mv.mvvs.client.catalog.manager.U2CatalogManager - [client:400202]start a schedule task to get global/local catalog for ble-scanner-with-requests, its period 5s 
2024-11-29 21:34:42.550 [pool-3-thread-1] INFO  com.rs.mv.mvvs.client.catalog.manager.U2CatalogManager - [client:400203]cache file auto update thread launch in .pio account
2024-11-29 21:34:42.550 [pool-3-thread-1] INFO  com.rs.mv.mvvs.client.catalog.from.config.DirsConfigReader - [client:400206]parse dir config information
2024-11-29 21:34:42.551 [pool-3-thread-1] INFO  com.rs.mv.mvvs.client.catalog.from.config.MappingConfigReader - [client:400207]parse mapping config information
2024-11-29 21:34:42.551 [pool-3-thread-1] INFO  com.rs.mv.mvvs.client.catalog.manager.U2CatalogManager - [client:400202]start a schedule task to get global/local catalog for .pio, its period 5s 
2024-11-29 21:34:42.552 [pool-3-thread-1] INFO  com.rs.mv.mvvs.client.catalog.manager.U2CatalogManager - [client:400203]cache file auto update thread launch in build account
2024-11-29 21:34:42.552 [pool-3-thread-1] INFO  com.rs.mv.mvvs.client.catalog.from.config.DirsConfigReader - [client:400206]parse dir config information
2024-11-29 21:34:42.553 [pool-3-thread-1] INFO  com.rs.mv.mvvs.client.catalog.from.config.MappingConfigReader - [client:400207]parse mapping config information
2024-11-29 21:34:42.553 [pool-3-thread-1] INFO  com.rs.mv.mvvs.client.catalog.manager.U2CatalogManager - [client:400202]start a schedule task to get global/local catalog for build, its period 5s 
2024-11-29 21:34:42.554 [pool-3-thread-1] INFO  com.rs.mv.mvvs.client.catalog.manager.U2CatalogManager - [client:400203]cache file auto update thread launch in heltec_wifi_lora_32_V3 account
2024-11-29 21:34:42.554 [pool-3-thread-1] INFO  com.rs.mv.mvvs.client.catalog.from.config.DirsConfigReader - [client:400206]parse dir config information
2024-11-29 21:34:42.555 [pool-3-thread-1] INFO  com.rs.mv.mvvs.client.catalog.from.config.MappingConfigReader - [client:400207]parse mapping config information
2024-11-29 21:34:42.556 [pool-3-thread-1] INFO  com.rs.mv.mvvs.client.catalog.manager.U2CatalogManager - [client:400202]start a schedule task to get global/local catalog for heltec_wifi_lora_32_V3, its period 5s 
2024-11-29 21:34:42.556 [pool-3-thread-1] INFO  com.rs.mv.mvvs.client.catalog.manager.U2CatalogManager - [client:400203]cache file auto update thread launch in FrameworkArduino account
2024-11-29 21:34:42.557 [pool-3-thread-1] INFO  com.rs.mv.mvvs.client.catalog.from.config.DirsConfigReader - [client:400206]parse dir config information
2024-11-29 21:34:42.558 [pool-3-thread-1] INFO  com.rs.mv.mvvs.client.catalog.from.config.MappingConfigReader - [client:400207]parse mapping config information
2024-11-29 21:34:42.558 [pool-3-thread-1] INFO  com.rs.mv.mvvs.client.catalog.manager.U2CatalogManager - [client:400202]start a schedule task to get global/local catalog for FrameworkArduino, its period 5s 
2024-11-29 21:34:42.559 [pool-3-thread-1] INFO  com.rs.mv.mvvs.client.catalog.manager.U2CatalogManager - [client:400203]cache file auto update thread launch in libf5e account
2024-11-29 21:34:42.559 [pool-3-thread-1] INFO  com.rs.mv.mvvs.client.catalog.from.config.DirsConfigReader - [client:400206]parse dir config information
2024-11-29 21:34:42.560 [pool-3-thread-1] INFO  com.rs.mv.mvvs.client.catalog.from.config.MappingConfigReader - [client:400207]parse mapping config information
2024-11-29 21:34:42.560 [pool-3-thread-1] INFO  com.rs.mv.mvvs.client.catalog.manager.U2CatalogManager - [client:400202]start a schedule task to get global/local catalog for libf5e, its period 5s 
2024-11-29 21:34:42.561 [pool-3-thread-1] INFO  com.rs.mv.mvvs.client.catalog.manager.U2CatalogManager - [client:400203]cache file auto update thread launch in src account
2024-11-29 21:34:42.561 [pool-3-thread-1] INFO  com.rs.mv.mvvs.client.catalog.from.config.DirsConfigReader - [client:400206]parse dir config information
2024-11-29 21:34:42.562 [pool-3-thread-1] INFO  com.rs.mv.mvvs.client.catalog.from.config.MappingConfigReader - [client:400207]parse mapping config information
2024-11-29 21:34:42.562 [pool-3-thread-1] INFO  com.rs.mv.mvvs.client.catalog.manager.U2CatalogManager - [client:400202]start a schedule task to get global/local catalog for src, its period 5s 
2024-11-29 21:34:42.567 [pool-3-thread-1] INFO  com.rs.mv.mvvs.client.account.handler.ServerAccountHandler - [client:40010104]load server account: Account{name=ble-scanner-with-requests, path=C:/Users/ajab0/Documents/PlatformIO/Projects/ble-scanner-with-requests, type=PREDICT}
Account{name=FrameworkArduino, path=C:/Users/ajab0/Documents/PlatformIO/Projects/ble-scanner-with-requests/.pio/build/heltec_wifi_lora_32_V3/FrameworkArduino, type=PREDICT}
Account{name=heltec_wifi_lora_32_V3, path=C:/Users/ajab0/Documents/PlatformIO/Projects/ble-scanner-with-requests/.pio/build/heltec_wifi_lora_32_V3, type=PREDICT}
Account{name=libf5e, path=C:/Users/ajab0/Documents/PlatformIO/Projects/ble-scanner-with-requests/.pio/build/heltec_wifi_lora_32_V3/libf5e, type=PREDICT}
Account{name=build, path=C:/Users/ajab0/Documents/PlatformIO/Projects/ble-scanner-with-requests/.pio/build, type=PREDICT}
Account{name=.pio, path=C:/Users/ajab0/Documents/PlatformIO/Projects/ble-scanner-with-requests/.pio, type=PREDICT}
Account{name=src, path=C:/Users/ajab0/Documents/PlatformIO/Projects/ble-scanner-with-requests/src, type=PREDICT}
2024-11-29 21:34:42.567 [pool-3-thread-1] INFO  com.rs.mv.mvvs.client.account.AccountManager - [client:40010105]load account manager finish
2024-11-29 21:34:42.568 [pool-3-thread-1] INFO  com.rs.mv.mvvs.instance.userspace.UserspaceManager - [framework:30010402]config file(C:\Users\ajab0/.rmv/config) watcher launch successful
2024-11-29 21:35:27.029 [pool-3-thread-1] INFO  com.rs.mv.mvvs.client.catalog.from.scan.CurrentPathScanner - [client:400205]scan file in current open file directory(C:/Users/ajab0/Documents/PlatformIO/Projects/ble-scanner-with-requests/src)
2024-11-29 21:39:34.841 [pool-3-thread-1] INFO  com.rs.mv.mvvs.instance.workspace.handler.FolderHandler - [workspace:200103]workspace contains workspace folder: file:///c%3A/Users/ajab0/Desktop/IoT/lab%204%20code/lab%204%20code/P2P_lora
2024-11-29 21:39:34.842 [pool-3-thread-1] INFO  com.rs.mv.mvvs.instance.workspace.handler.FolderHandler - [workspace:200104]workspace folder will be cached: file:///c%3A/Users/ajab0/Desktop/IoT/lab%204%20code/lab%204%20code/P2P_lora
2024-11-29 21:39:34.842 [pool-3-thread-1] INFO  com.rs.mv.mvvs.rmv.config.Config - [framework:30010101]config load start
2024-11-29 21:39:34.842 [pool-3-thread-1] INFO  com.rs.mv.mvvs.rmv.config.Config - [framework:30010102]project config path is : C:/Users/ajab0/Desktop/IoT/lab 4 code/lab 4 code/P2P_lora/.rmv/config
2024-11-29 21:39:34.843 [pool-3-thread-1] INFO  com.rs.mv.mvvs.rmv.config.Config - [framework:30010103]resource config path is : /
2024-11-29 21:39:34.843 [pool-3-thread-1] INFO  com.rs.mv.mvvs.rmv.config.Config - [framework:30010104]user config path is : C:/Users/ajab0
2024-11-29 21:39:34.862 [pool-3-thread-1] INFO  com.rs.mv.mvvs.rmv.config.Config - [framework:30010105]config load end
2024-11-29 21:39:34.862 [pool-3-thread-1] INFO  com.rs.mv.mvvs.rmv.documentation.BasicDocumentation - [framework:30020101]documentation load start
2024-11-29 21:39:34.863 [pool-3-thread-1] INFO  com.rs.mv.mvvs.rmv.documentation.reader.SystemDocReader - [framework:30020102]system documentation path: /documentation/UNIVERSE/
2024-11-29 21:39:34.863 [pool-3-thread-1] INFO  com.rs.mv.mvvs.rmv.documentation.reader.ProjectDocReader - [framework:30020103]project documentation brief file: C:\Users\ajab0\Desktop\IoT\lab 4 code\lab 4 code\P2P_lora\.rmv\documentation\UNIVERSE\custom.json
2024-11-29 21:39:34.864 [pool-3-thread-1] INFO  com.rs.mv.mvvs.rmv.documentation.reader.UserDocReader - [framework:30020104]user documentation brief file: C:\Users\ajab0\documentation\UNIVERSE\custom.json
2024-11-29 21:39:34.876 [pool-3-thread-1] INFO  com.rs.mv.mvvs.rmv.documentation.BasicDocumentation - [framework:30020105]documentation load end
2024-11-29 21:39:34.877 [pool-3-thread-1] INFO  com.rs.mv.mvvs.common.convertor.ConvertorManager - [framework:30030101]convertors for folder(C:/Users/ajab0/Desktop/IoT/lab 4 code/lab 4 code/P2P_lora) load start
2024-11-29 21:39:34.878 [pool-3-thread-1] INFO  com.rs.mv.mvvs.common.convertor.ConvertorManager - [framework:30030102]comment convertor load finish
2024-11-29 21:39:34.883 [pool-3-thread-1] INFO  com.rs.mv.mvvs.common.convertor.ConvertorManager - [framework:30030103]keyword convertor load finish
2024-11-29 21:39:34.885 [pool-3-thread-1] INFO  com.rs.mv.mvvs.common.convertor.ConvertorManager - [framework:30030104]operator convertor load finish
2024-11-29 21:39:34.886 [pool-3-thread-1] INFO  com.rs.mv.mvvs.common.convertor.ConvertorManager - [framework:30030105]function name convertor load finish
2024-11-29 21:39:34.886 [pool-3-thread-1] INFO  com.rs.mv.mvvs.common.convertor.ConvertorManager - [framework:30030106]atVariable convertor load finish
2024-11-29 21:39:34.886 [pool-3-thread-1] INFO  com.rs.mv.mvvs.common.convertor.ConvertorManager - [framework:30030107]convertors for folder(C:/Users/ajab0/Desktop/IoT/lab 4 code/lab 4 code/P2P_lora) load end
2024-11-29 21:41:31.445 [pool-3-thread-1] INFO  com.rs.mv.mvvs.client.catalog.from.scan.CurrentPathScanner - [client:400205]scan file in current open file directory(C:/Users/ajab0/Documents/PlatformIO/Projects/ble-scanner-with-requests/src)
2024-11-29 21:45:21.242 [pool-3-thread-1] INFO  com.rs.mv.mvvs.client.catalog.from.scan.CurrentPathScanner - [client:400205]scan file in current open file directory(C:/Users/ajab0/Documents/PlatformIO/Projects/ble-scanner-with-requests/src)
2024-11-29 21:45:33.148 [pool-3-thread-1] INFO  com.rs.mv.mvvs.client.catalog.from.scan.CurrentPathScanner - [client:400205]scan file in current open file directory(C:/Users/ajab0/Documents/PlatformIO/Projects/ble-scanner-with-requests/src)
2024-11-29 21:49:31.850 [pool-3-thread-1] INFO  com.rs.mv.mvvs.client.catalog.from.scan.CurrentPathScanner - [client:400205]scan file in current open file directory(C:/Users/ajab0/Documents/PlatformIO/Projects/ble-scanner-with-requests/src)
2024-11-29 21:55:06.616 [pool-3-thread-1] INFO  com.rs.mv.mvvs.client.catalog.from.scan.CurrentPathScanner - [client:400205]scan file in current open file directory(C:/Users/ajab0/Documents/PlatformIO/Projects/ble-scanner-with-requests/src)
2024-11-29 21:57:34.010 [pool-3-thread-1] INFO  com.rs.mv.mvvs.client.catalog.from.scan.CurrentPathScanner - [client:400205]scan file in current open file directory(C:/Users/ajab0/Documents/PlatformIO/Projects/ble-scanner-with-requests/src)
2024-11-29 21:57:45.561 [pool-3-thread-1] INFO  com.rs.mv.mvvs.client.catalog.from.scan.CurrentPathScanner - [client:400205]scan file in current open file directory(C:/Users/ajab0/Documents/PlatformIO/Projects/ble-scanner-with-requests/src)
2024-11-29 21:58:10.796 [pool-3-thread-1] INFO  com.rs.mv.mvvs.client.catalog.from.scan.CurrentPathScanner - [client:400205]scan file in current open file directory(C:/Users/ajab0/Documents/PlatformIO/Projects/ble-scanner-with-requests/src)
2024-11-29 21:58:28.999 [pool-3-thread-1] INFO  com.rs.mv.mvvs.client.catalog.from.scan.CurrentPathScanner - [client:400205]scan file in current open file directory(C:/Users/ajab0/Documents/PlatformIO/Projects/ble-scanner-with-requests/src)
2024-11-29 22:40:58.762 [pool-3-thread-1] INFO  com.rs.mv.mvvs.client.catalog.from.scan.CurrentPathScanner - [client:400205]scan file in current open file directory(C:/Users/ajab0/Documents/PlatformIO/Projects/ble-scanner-with-requests)
2024-11-29 22:41:15.709 [pool-3-thread-1] INFO  com.rs.mv.mvvs.client.catalog.from.scan.CurrentPathScanner - [client:400205]scan file in current open file directory(C:/Users/ajab0/Documents/PlatformIO/Projects/ble-scanner-with-requests/src)
2024-11-29 22:41:30.095 [pool-3-thread-1] INFO  com.rs.mv.mvvs.client.catalog.from.scan.CurrentPathScanner - [client:400205]scan file in current open file directory(C:/Users/ajab0/Documents/PlatformIO/Projects/ble-scanner-with-requests)
2024-11-29 22:42:35.655 [pool-3-thread-1] INFO  com.rs.mv.mvvs.client.catalog.from.scan.CurrentPathScanner - [client:400205]scan file in current open file directory(C:/Users/ajab0/Documents/PlatformIO/Projects/ble-scanner-with-requests/src)
2024-11-29 22:48:36.395 [pool-3-thread-1] INFO  com.rs.mv.mvvs.client.catalog.from.scan.CurrentPathScanner - [client:400205]scan file in current open file directory(C:/Users/ajab0/Documents/PlatformIO/Projects/ble-scanner-with-requests)
2024-11-29 22:48:44.576 [pool-3-thread-1] INFO  com.rs.mv.mvvs.client.catalog.from.scan.CurrentPathScanner - [client:400205]scan file in current open file directory(C:/Users/ajab0/Documents/PlatformIO/Projects/ble-scanner-with-requests/src)
2024-11-29 22:48:52.887 [pool-3-thread-1] INFO  com.rs.mv.mvvs.client.catalog.from.scan.CurrentPathScanner - [client:400205]scan file in current open file directory(C:/Users/ajab0/Documents/PlatformIO/Projects/ble-scanner-with-requests)
2024-11-29 22:51:05.251 [pool-3-thread-1] INFO  com.rs.mv.mvvs.client.catalog.from.scan.CurrentPathScanner - [client:400205]scan file in current open file directory(C:/Users/ajab0/Documents/PlatformIO/Projects/ble-scanner-with-requests/src)
2024-11-29 22:55:33.227 [pool-3-thread-1] INFO  com.rs.mv.mvvs.client.catalog.from.scan.CurrentPathScanner - [client:400205]scan file in current open file directory(C:/Users/ajab0/Documents/PlatformIO/Projects/ble-scanner-with-requests/src)
2024-11-29 22:55:40.204 [pool-3-thread-1] INFO  com.rs.mv.mvvs.client.catalog.from.scan.CurrentPathScanner - [client:400205]scan file in current open file directory(C:/Users/ajab0/Documents/PlatformIO/Projects/ble-scanner-with-requests/src)
2024-11-29 22:55:47.743 [pool-3-thread-1] INFO  com.rs.mv.mvvs.client.catalog.from.scan.CurrentPathScanner - [client:400205]scan file in current open file directory(C:/Users/ajab0/Documents/PlatformIO/Projects/ble-scanner-with-requests)
2024-11-29 22:55:49.375 [pool-3-thread-1] INFO  com.rs.mv.mvvs.client.catalog.from.scan.CurrentPathScanner - [client:400205]scan file in current open file directory(C:/Users/ajab0/Documents/PlatformIO/Projects/ble-scanner-with-requests/src)
2024-11-29 22:56:36.594 [pool-3-thread-1] INFO  com.rs.mv.mvvs.client.catalog.from.scan.CurrentPathScanner - [client:400205]scan file in current open file directory(C:/Users/ajab0/Documents/PlatformIO/Projects/ble-scanner-with-requests/src)
2024-11-29 22:57:10.833 [pool-3-thread-1] INFO  com.rs.mv.mvvs.client.catalog.from.scan.CurrentPathScanner - [client:400205]scan file in current open file directory(C:/Users/ajab0/Documents/PlatformIO/Projects/ble-scanner-with-requests/src)
2024-11-29 22:59:11.171 [pool-3-thread-1] INFO  com.rs.mv.mvvs.client.catalog.from.scan.CurrentPathScanner - [client:400205]scan file in current open file directory(C:/Users/ajab0/Documents/PlatformIO/Projects/ble-scanner-with-requests)
2024-11-29 22:59:26.216 [pool-3-thread-1] INFO  com.rs.mv.mvvs.client.catalog.from.scan.CurrentPathScanner - [client:400205]scan file in current open file directory(C:/Users/ajab0/Documents/PlatformIO/Projects/ble-scanner-with-requests)
2024-11-29 22:59:31.507 [pool-3-thread-1] INFO  com.rs.mv.mvvs.client.catalog.from.scan.CurrentPathScanner - [client:400205]scan file in current open file directory(C:/Users/ajab0/Documents/PlatformIO/Projects/ble-scanner-with-requests)
2024-11-29 22:59:39.162 [pool-3-thread-1] INFO  com.rs.mv.mvvs.client.catalog.from.scan.CurrentPathScanner - [client:400205]scan file in current open file directory(C:/Users/ajab0/Documents/PlatformIO/Projects/ble-scanner-with-requests/src)
2024-11-29 22:59:40.688 [pool-3-thread-1] INFO  com.rs.mv.mvvs.client.catalog.from.scan.CurrentPathScanner - [client:400205]scan file in current open file directory(C:/Users/ajab0/Documents/PlatformIO/Projects/ble-scanner-with-requests)
2024-11-29 22:59:41.477 [pool-3-thread-1] INFO  com.rs.mv.mvvs.client.catalog.from.scan.CurrentPathScanner - [client:400205]scan file in current open file directory(C:/Users/ajab0/Documents/PlatformIO/Projects/ble-scanner-with-requests/src)
2024-11-29 22:59:44.623 [pool-3-thread-1] INFO  com.rs.mv.mvvs.client.catalog.from.scan.CurrentPathScanner - [client:400205]scan file in current open file directory(C:/Users/ajab0/Documents/PlatformIO/Projects/ble-scanner-with-requests)
2024-11-29 22:59:59.686 [pool-3-thread-1] INFO  com.rs.mv.mvvs.client.catalog.from.scan.CurrentPathScanner - [client:400205]scan file in current open file directory(C:/Users/ajab0/Documents/PlatformIO/Projects/ble-scanner-with-requests)
2024-11-29 23:00:00.380 [pool-3-thread-1] INFO  com.rs.mv.mvvs.client.catalog.from.scan.CurrentPathScanner - [client:400205]scan file in current open file directory(C:/Users/ajab0/Documents/PlatformIO/Projects/ble-scanner-with-requests/src)
